2024-12-29 16:27:40.469943 [DEBUG] CPU: 52.10%, MEM: 54.10%, REQ: 216, ERR: 0.005
2024-12-29 16:28:40.469943 [WARNING] CPU: 54.76%, MEM: 66.07%, REQ: 221, ERR: 0.024
2024-12-29 16:29:40.469943 [INFO] CPU: 53.92%, MEM: 53.89%, REQ: 199, ERR: 0.001
2024-12-29 16:30:40.469943 [INFO] CPU: 43.05%, MEM: 55.09%, REQ: 190, ERR: 0.011
2024-12-29 16:31:40.469943 [ERROR] CPU: 115.00%, MEM: 92.00%, REQ: 382, ERR: 0.169
2024-12-29 16:32:40.469943 [DEBUG] CPU: 46.72%, MEM: 61.86%, REQ: 217, ERR: 0.006
2024-12-29 16:33:40.469943 [INFO] CPU: 43.42%, MEM: 56.36%, REQ: 173, ERR: 0.006
2024-12-29 16:34:40.469943 [INFO] CPU: 45.24%, MEM: 70.49%, REQ: 205, ERR: 0.011
2024-12-29 16:35:40.469943 [WARNING] CPU: 58.51%, MEM: 58.35%, REQ: 208, ERR: 0.009
2024-12-29 16:36:40.469943 [INFO] CPU: 52.65%, MEM: 53.01%, REQ: 151, ERR: 0.009
2024-12-29 16:37:40.469943 [DEBUG] CPU: 64.23%, MEM: 71.11%, REQ: 219, ERR: 0.016
2024-12-29 16:38:40.469943 [DEBUG] CPU: 50.89%, MEM: 62.37%, REQ: 188, ERR: 0.008
2024-12-29 16:39:40.469943 [INFO] CPU: 56.16%, MEM: 74.45%, REQ: 197, ERR: 0.008
2024-12-29 16:40:40.469943 [INFO] CPU: 50.01%, MEM: 67.21%, REQ: 171, ERR: -0.001
2024-12-29 16:41:40.469943 [DEBUG] CPU: 44.49%, MEM: 45.35%, REQ: 190, ERR: 0.009
2024-12-29 16:42:40.469943 [INFO] CPU: 45.47%, MEM: 77.43%, REQ: 207, ERR: 0.012
2024-12-29 16:43:40.469943 [WARNING] CPU: 56.22%, MEM: 46.33%, REQ: 221, ERR: 0.010
2024-12-29 16:44:40.469943 [INFO] CPU: 56.70%, MEM: 47.14%, REQ: 169, ERR: 0.014
2024-12-29 16:45:40.469943 [INFO] CPU: 53.76%, MEM: 49.18%, REQ: 183, ERR: 0.016
2024-12-29 16:46:40.469943 [INFO] CPU: 38.11%, MEM: 79.71%, REQ: 182, ERR: 0.013
2024-12-29 16:47:40.469943 [INFO] CPU: 46.71%, MEM: 67.24%, REQ: 189, ERR: 0.009
2024-12-29 16:48:40.469943 [INFO] CPU: 50.41%, MEM: 47.97%, REQ: 215, ERR: 0.007
2024-12-29 16:49:40.469943 [INFO] CPU: 47.71%, MEM: 48.07%, REQ: 149, ERR: 0.009
2024-12-29 16:50:40.469943 [WARNING] CPU: 74.13%, MEM: 69.42%, REQ: 200, ERR: 0.009
2024-12-29 16:51:40.469943 [DEBUG] CPU: 50.22%, MEM: 66.57%, REQ: 176, ERR: 0.016
2024-12-29 16:52:40.469943 [INFO] CPU: 57.15%, MEM: 68.62%, REQ: 209, ERR: 0.010
2024-12-29 16:53:40.469943 [WARNING] CPU: 56.73%, MEM: 67.10%, REQ: 193, ERR: 0.007
2024-12-29 16:54:40.469943 [INFO] CPU: 51.02%, MEM: 78.59%, REQ: 175, ERR: 0.003
2024-12-29 16:55:40.469943 [INFO] CPU: 51.65%, MEM: 60.61%, REQ: 203, ERR: 0.011
2024-12-29 16:56:40.469943 [INFO] CPU: 47.77%, MEM: 77.88%, REQ: 168, ERR: 0.006
2024-12-29 16:57:40.469943 [INFO] CPU: 48.97%, MEM: 40.28%, REQ: 196, ERR: 0.018
2024-12-29 16:58:40.469943 [INFO] CPU: 50.21%, MEM: 62.77%, REQ: 175, ERR: 0.007
2024-12-29 16:59:40.469943 [INFO] CPU: 46.25%, MEM: 56.19%, REQ: 226, ERR: 0.013
2024-12-29 17:00:40.469943 [ERROR] CPU: 110.00%, MEM: 87.00%, REQ: 317, ERR: 0.283
2024-12-29 17:01:40.469943 [INFO] CPU: 65.81%, MEM: 47.82%, REQ: 184, ERR: 0.004
2024-12-29 17:02:40.469943 [DEBUG] CPU: 47.66%, MEM: 65.60%, REQ: 220, ERR: 0.010
2024-12-29 17:03:40.469943 [INFO] CPU: 46.80%, MEM: 61.82%, REQ: 183, ERR: 0.020
2024-12-29 17:04:40.469943 [WARNING] CPU: 33.92%, MEM: 62.22%, REQ: 240, ERR: 0.010
2024-12-29 17:05:40.469943 [INFO] CPU: 48.10%, MEM: 55.71%, REQ: 196, ERR: 0.017
2024-12-29 17:06:40.469943 [DEBUG] CPU: 27.88%, MEM: 78.40%, REQ: 172, ERR: 0.009
2024-12-29 17:07:40.469943 [INFO] CPU: 45.71%, MEM: 67.06%, REQ: 168, ERR: 0.012
2024-12-29 17:08:40.469943 [WARNING] CPU: 70.24%, MEM: 43.64%, REQ: 204, ERR: 0.007
2024-12-29 17:09:40.469943 [INFO] CPU: 54.26%, MEM: 60.23%, REQ: 187, ERR: 0.012
2024-12-29 17:10:40.469943 [WARNING] CPU: 68.04%, MEM: 57.71%, REQ: 214, ERR: 0.004
2024-12-29 17:11:40.469943 [INFO] CPU: 40.44%, MEM: 65.67%, REQ: 230, ERR: 0.012
2024-12-29 17:12:40.469943 [WARNING] CPU: 46.87%, MEM: 59.99%, REQ: 175, ERR: 0.013
2024-12-29 17:13:40.469943 [INFO] CPU: 58.82%, MEM: 54.57%, REQ: 191, ERR: 0.011
2024-12-29 17:14:40.469943 [INFO] CPU: 45.63%, MEM: 59.21%, REQ: 242, ERR: 0.009
2024-12-29 17:15:40.469943 [INFO] CPU: 46.42%, MEM: 52.23%, REQ: 215, ERR: 0.009
2024-12-29 17:16:40.469943 [DEBUG] CPU: 43.51%, MEM: 75.86%, REQ: 228, ERR: 0.007
2024-12-29 17:17:40.469943 [INFO] CPU: 31.33%, MEM: 72.09%, REQ: 186, ERR: 0.014
2024-12-29 17:18:40.469943 [WARNING] CPU: 30.30%, MEM: 70.71%, REQ: 176, ERR: 0.014
2024-12-29 17:19:40.469943 [DEBUG] CPU: 50.14%, MEM: 48.55%, REQ: 192, ERR: 0.013
2024-12-29 17:20:40.469943 [INFO] CPU: 51.06%, MEM: 67.01%, REQ: 240, ERR: 0.002
2024-12-29 17:21:40.469943 [INFO] CPU: 66.17%, MEM: 61.25%, REQ: 182, ERR: 0.003
2024-12-29 17:22:40.469943 [INFO] CPU: 48.11%, MEM: 71.06%, REQ: 197, ERR: 0.018
2024-12-29 17:23:40.469943 [INFO] CPU: 35.49%, MEM: 59.85%, REQ: 175, ERR: 0.012
2024-12-29 17:24:40.469943 [INFO] CPU: 58.87%, MEM: 54.95%, REQ: 148, ERR: 0.011
2024-12-29 17:25:40.469943 [INFO] CPU: 54.37%, MEM: 64.85%, REQ: 225, ERR: 0.005
2024-12-29 17:26:40.469943 [DEBUG] CPU: 56.80%, MEM: 74.31%, REQ: 164, ERR: 0.012
2024-12-29 17:27:40.469943 [WARNING] CPU: 44.96%, MEM: 59.02%, REQ: 207, ERR: 0.008
2024-12-29 17:28:40.469943 [INFO] CPU: 43.24%, MEM: 60.41%, REQ: 178, ERR: 0.005
2024-12-29 17:29:40.469943 [DEBUG] CPU: 56.79%, MEM: 46.21%, REQ: 213, ERR: 0.012
2024-12-29 17:30:40.469943 [INFO] CPU: 32.74%, MEM: 51.87%, REQ: 224, ERR: 0.005
2024-12-29 17:31:40.469943 [INFO] CPU: 45.36%, MEM: 65.54%, REQ: 216, ERR: 0.009
2024-12-29 17:32:40.469943 [INFO] CPU: 44.02%, MEM: 77.07%, REQ: 235, ERR: 0.015
2024-12-29 17:33:40.469943 [WARNING] CPU: 50.85%, MEM: 50.30%, REQ: 183, ERR: 0.013
2024-12-29 17:34:40.469943 [DEBUG] CPU: 54.18%, MEM: 76.82%, REQ: 213, ERR: 0.002
2024-12-29 17:35:40.469943 [INFO] CPU: 60.52%, MEM: 48.02%, REQ: 192, ERR: 0.011
2024-12-29 17:36:40.469943 [INFO] CPU: 69.96%, MEM: 97.32%, REQ: 212, ERR: 0.009
2024-12-29 17:37:40.469943 [WARNING] CPU: 55.35%, MEM: 70.65%, REQ: 194, ERR: 0.019
2024-12-29 17:38:40.469943 [INFO] CPU: 52.30%, MEM: 65.97%, REQ: 213, ERR: 0.012
2024-12-29 17:39:40.469943 [INFO] CPU: 58.39%, MEM: 52.59%, REQ: 189, ERR: 0.004
2024-12-29 17:40:40.469943 [WARNING] CPU: 54.40%, MEM: 69.35%, REQ: 209, ERR: 0.018
2024-12-29 17:41:40.469943 [INFO] CPU: 49.94%, MEM: 68.02%, REQ: 178, ERR: 0.008
2024-12-29 17:42:40.469943 [INFO] CPU: 56.96%, MEM: 70.19%, REQ: 194, ERR: 0.010
2024-12-29 17:43:40.469943 [INFO] CPU: 34.82%, MEM: 55.72%, REQ: 218, ERR: 0.013
2024-12-29 17:44:40.469943 [INFO] CPU: 55.01%, MEM: 60.60%, REQ: 200, ERR: 0.007
2024-12-29 17:45:40.469943 [WARNING] CPU: 56.99%, MEM: 65.05%, REQ: 210, ERR: 0.007
2024-12-29 17:46:40.469943 [INFO] CPU: 28.47%, MEM: 73.17%, REQ: 190, ERR: 0.006
2024-12-29 17:47:40.469943 [INFO] CPU: 56.93%, MEM: 55.30%, REQ: 221, ERR: 0.013
2024-12-29 17:48:40.469943 [INFO] CPU: 56.84%, MEM: 43.61%, REQ: 224, ERR: 0.011
2024-12-29 17:49:40.469943 [INFO] CPU: 46.31%, MEM: 61.72%, REQ: 164, ERR: 0.012
2024-12-29 17:50:40.469943 [INFO] CPU: 39.71%, MEM: 43.77%, REQ: 170, ERR: 0.016
2024-12-29 17:51:40.469943 [INFO] CPU: 43.71%, MEM: 78.40%, REQ: 189, ERR: 0.001
2024-12-29 17:52:40.469943 [DEBUG] CPU: 38.83%, MEM: 74.83%, REQ: 197, ERR: 0.007
2024-12-29 17:53:40.469943 [INFO] CPU: 51.60%, MEM: 66.02%, REQ: 222, ERR: 0.017
2024-12-29 17:54:40.469943 [DEBUG] CPU: 46.40%, MEM: 44.09%, REQ: 192, ERR: 0.011
2024-12-29 17:55:40.469943 [WARNING] CPU: 40.36%, MEM: 48.51%, REQ: 207, ERR: 0.010
2024-12-29 17:56:40.469943 [ERROR] CPU: 97.00%, MEM: 91.00%, REQ: 301, ERR: 0.103
2024-12-29 17:57:40.469943 [INFO] CPU: 58.90%, MEM: 72.42%, REQ: 163, ERR: 0.005
2024-12-29 17:58:40.469943 [INFO] CPU: 35.03%, MEM: 52.20%, REQ: 198, ERR: 0.003
2024-12-29 17:59:40.469943 [DEBUG] CPU: 40.78%, MEM: 47.95%, REQ: 204, ERR: 0.010
2024-12-29 18:00:40.469943 [INFO] CPU: 42.78%, MEM: 62.12%, REQ: 189, ERR: 0.009
2024-12-29 18:01:40.469943 [WARNING] CPU: 66.73%, MEM: 76.09%, REQ: 174, ERR: 0.014
2024-12-29 18:02:40.469943 [WARNING] CPU: 58.11%, MEM: 46.22%, REQ: 216, ERR: 0.018
2024-12-29 18:03:40.469943 [DEBUG] CPU: 38.77%, MEM: 48.99%, REQ: 220, ERR: 0.011
2024-12-29 18:04:40.469943 [DEBUG] CPU: 55.51%, MEM: 64.09%, REQ: 208, ERR: 0.003
2024-12-29 18:05:40.469943 [DEBUG] CPU: 60.47%, MEM: 74.04%, REQ: 195, ERR: 0.010
2024-12-29 18:06:40.469943 [INFO] CPU: 34.69%, MEM: 66.17%, REQ: 211, ERR: 0.010
2024-12-29 18:07:40.469943 [INFO] CPU: 61.24%, MEM: 55.99%, REQ: 211, ERR: 0.005
2024-12-29 18:08:40.469943 [DEBUG] CPU: 49.76%, MEM: 57.91%, REQ: 205, ERR: 0.008
2024-12-29 18:09:40.469943 [INFO] CPU: 48.69%, MEM: 69.91%, REQ: 191, ERR: 0.002
2024-12-29 18:10:40.469943 [DEBUG] CPU: 67.50%, MEM: 76.58%, REQ: 174, ERR: 0.013
2024-12-29 18:11:40.469943 [DEBUG] CPU: 44.97%, MEM: 63.16%, REQ: 206, ERR: 0.009
2024-12-29 18:12:40.469943 [INFO] CPU: 42.16%, MEM: 51.71%, REQ: 182, ERR: 0.006
2024-12-29 18:13:40.469943 [WARNING] CPU: 49.33%, MEM: 51.41%, REQ: 214, ERR: 0.017
2024-12-29 18:14:40.469943 [INFO] CPU: 44.20%, MEM: 62.87%, REQ: 210, ERR: 0.012
2024-12-29 18:15:40.469943 [INFO] CPU: 50.76%, MEM: 68.91%, REQ: 210, ERR: 0.004
2024-12-29 18:16:40.469943 [DEBUG] CPU: 58.69%, MEM: 70.65%, REQ: 185, ERR: 0.010
2024-12-29 18:17:40.469943 [INFO] CPU: 56.83%, MEM: 57.49%, REQ: 221, ERR: 0.022
2024-12-29 18:18:40.469943 [INFO] CPU: 42.14%, MEM: 43.43%, REQ: 206, ERR: 0.014
2024-12-29 18:19:40.469943 [WARNING] CPU: 47.69%, MEM: 77.44%, REQ: 173, ERR: 0.013
2024-12-29 18:20:40.469943 [DEBUG] CPU: 43.94%, MEM: 80.63%, REQ: 240, ERR: 0.006
2024-12-29 18:21:40.469943 [WARNING] CPU: 44.50%, MEM: 70.32%, REQ: 192, ERR: 0.010
2024-12-29 18:22:40.469943 [DEBUG] CPU: 50.25%, MEM: 36.96%, REQ: 200, ERR: 0.007
2024-12-29 18:23:40.469943 [INFO] CPU: 45.07%, MEM: 77.32%, REQ: 175, ERR: 0.014
2024-12-29 18:24:40.469943 [INFO] CPU: 47.21%, MEM: 56.64%, REQ: 216, ERR: 0.012
2024-12-29 18:25:40.469943 [INFO] CPU: 55.71%, MEM: 71.62%, REQ: 193, ERR: 0.007
2024-12-29 18:26:40.469943 [INFO] CPU: 39.15%, MEM: 50.10%, REQ: 259, ERR: 0.016
2024-12-29 18:27:40.469943 [INFO] CPU: 36.49%, MEM: 44.13%, REQ: 210, ERR: 0.013
2024-12-29 18:28:40.469943 [WARNING] CPU: 55.49%, MEM: 56.94%, REQ: 197, ERR: 0.012
2024-12-29 18:29:40.469943 [INFO] CPU: 50.86%, MEM: 33.37%, REQ: 195, ERR: 0.006
2024-12-29 18:30:40.469943 [INFO] CPU: 51.75%, MEM: 95.82%, REQ: 207, ERR: 0.008
2024-12-29 18:31:40.469943 [INFO] CPU: 59.22%, MEM: 65.79%, REQ: 208, ERR: 0.013
2024-12-29 18:32:40.469943 [INFO] CPU: 70.57%, MEM: 46.43%, REQ: 209, ERR: 0.005
2024-12-29 18:33:40.469943 [ERROR] CPU: 94.00%, MEM: 86.00%, REQ: 325, ERR: 0.270
2024-12-29 18:34:40.469943 [INFO] CPU: 59.76%, MEM: 71.02%, REQ: 175, ERR: 0.010
2024-12-29 18:35:40.469943 [DEBUG] CPU: 42.90%, MEM: 44.90%, REQ: 196, ERR: 0.008
2024-12-29 18:36:40.469943 [INFO] CPU: 74.27%, MEM: 65.20%, REQ: 172, ERR: 0.007
2024-12-29 18:37:40.469943 [WARNING] CPU: 60.21%, MEM: 85.06%, REQ: 168, ERR: 0.001
2024-12-29 18:38:40.469943 [INFO] CPU: 68.71%, MEM: 64.68%, REQ: 183, ERR: 0.013
2024-12-29 18:39:40.469943 [DEBUG] CPU: 23.64%, MEM: 60.04%, REQ: 207, ERR: 0.015
2024-12-29 18:40:40.469943 [INFO] CPU: 39.86%, MEM: 61.03%, REQ: 181, ERR: 0.011
2024-12-29 18:41:40.469943 [INFO] CPU: 41.05%, MEM: 55.10%, REQ: 180, ERR: 0.013
2024-12-29 18:42:40.469943 [INFO] CPU: 58.58%, MEM: 57.18%, REQ: 201, ERR: 0.003
2024-12-29 18:43:40.469943 [INFO] CPU: 47.00%, MEM: 59.40%, REQ: 252, ERR: 0.004
2024-12-29 18:44:40.469943 [INFO] CPU: 64.64%, MEM: 71.96%, REQ: 206, ERR: 0.019
2024-12-29 18:45:40.469943 [WARNING] CPU: 53.72%, MEM: 64.67%, REQ: 199, ERR: 0.016
2024-12-29 18:46:40.469943 [DEBUG] CPU: 60.96%, MEM: 52.49%, REQ: 174, ERR: 0.009
2024-12-29 18:47:40.469943 [INFO] CPU: 42.00%, MEM: 59.24%, REQ: 225, ERR: 0.008
2024-12-29 18:48:40.469943 [INFO] CPU: 49.57%, MEM: 60.70%, REQ: 217, ERR: -0.001
2024-12-29 18:49:40.469943 [INFO] CPU: 43.93%, MEM: 62.54%, REQ: 224, ERR: 0.008
2024-12-29 18:50:40.469943 [INFO] CPU: 31.23%, MEM: 67.44%, REQ: 187, ERR: 0.004
2024-12-29 18:51:40.469943 [INFO] CPU: 43.76%, MEM: 57.79%, REQ: 188, ERR: -0.001
2024-12-29 18:52:40.469943 [DEBUG] CPU: 58.97%, MEM: 75.30%, REQ: 213, ERR: 0.004
2024-12-29 18:53:40.469943 [INFO] CPU: 47.99%, MEM: 59.92%, REQ: 212, ERR: 0.013
2024-12-29 18:54:40.469943 [INFO] CPU: 42.66%, MEM: 60.98%, REQ: 209, ERR: 0.017
2024-12-29 18:55:40.469943 [INFO] CPU: 57.05%, MEM: 69.47%, REQ: 202, ERR: 0.017
2024-12-29 18:56:40.469943 [WARNING] CPU: 54.10%, MEM: 49.67%, REQ: 228, ERR: 0.013
2024-12-29 18:57:40.469943 [INFO] CPU: 45.57%, MEM: 54.25%, REQ: 206, ERR: 0.012
2024-12-29 18:58:40.469943 [DEBUG] CPU: 51.97%, MEM: 63.74%, REQ: 234, ERR: 0.015
2024-12-29 18:59:40.469943 [INFO] CPU: 51.91%, MEM: 71.30%, REQ: 179, ERR: 0.012
2024-12-29 19:00:40.469943 [INFO] CPU: 68.09%, MEM: 57.38%, REQ: 183, ERR: 0.007
2024-12-29 19:01:40.469943 [DEBUG] CPU: 39.10%, MEM: 50.58%, REQ: 193, ERR: 0.003
2024-12-29 19:02:40.469943 [ERROR] CPU: 107.00%, MEM: 92.00%, REQ: 385, ERR: 0.239
2024-12-29 19:03:40.469943 [INFO] CPU: 55.11%, MEM: 72.37%, REQ: 187, ERR: 0.014
2024-12-29 19:04:40.469943 [WARNING] CPU: 39.08%, MEM: 70.68%, REQ: 203, ERR: 0.013
2024-12-29 19:05:40.469943 [WARNING] CPU: 38.24%, MEM: 49.26%, REQ: 212, ERR: 0.005
2024-12-29 19:06:40.469943 [INFO] CPU: 54.63%, MEM: 43.59%, REQ: 217, ERR: 0.004
2024-12-29 19:07:40.469943 [INFO] CPU: 55.52%, MEM: 67.51%, REQ: 186, ERR: 0.013
2024-12-29 19:08:40.469943 [INFO] CPU: 52.60%, MEM: 53.53%, REQ: 180, ERR: 0.000
2024-12-29 19:09:40.469943 [INFO] CPU: 53.50%, MEM: 41.22%, REQ: 202, ERR: 0.009
2024-12-29 19:10:40.469943 [ERROR] CPU: 90.00%, MEM: 94.00%, REQ: 312, ERR: 0.240
2024-12-29 19:11:40.469943 [INFO] CPU: 53.35%, MEM: 63.79%, REQ: 209, ERR: 0.002
2024-12-29 19:12:40.469943 [WARNING] CPU: 57.57%, MEM: 67.35%, REQ: 180, ERR: 0.009
2024-12-29 19:13:40.469943 [INFO] CPU: 49.61%, MEM: 58.39%, REQ: 207, ERR: 0.017
2024-12-29 19:14:40.469943 [INFO] CPU: 60.82%, MEM: 44.25%, REQ: 212, ERR: 0.017
2024-12-29 19:15:40.469943 [INFO] CPU: 53.87%, MEM: 73.09%, REQ: 240, ERR: 0.015
2024-12-29 19:16:40.469943 [WARNING] CPU: 52.49%, MEM: 72.54%, REQ: 203, ERR: 0.010
2024-12-29 19:17:40.469943 [DEBUG] CPU: 46.49%, MEM: 78.76%, REQ: 184, ERR: 0.018
2024-12-29 19:18:40.469943 [WARNING] CPU: 55.00%, MEM: 43.21%, REQ: 207, ERR: -0.001
2024-12-29 19:19:40.469943 [WARNING] CPU: 56.26%, MEM: 70.62%, REQ: 188, ERR: 0.011
2024-12-29 19:20:40.469943 [INFO] CPU: 69.54%, MEM: 53.93%, REQ: 179, ERR: 0.017
2024-12-29 19:21:40.469943 [INFO] CPU: 69.63%, MEM: 60.04%, REQ: 220, ERR: 0.017
2024-12-29 19:22:40.469943 [INFO] CPU: 42.58%, MEM: 54.18%, REQ: 225, ERR: 0.018
2024-12-29 19:23:40.469943 [INFO] CPU: 55.63%, MEM: 49.44%, REQ: 240, ERR: 0.007
2024-12-29 19:24:40.469943 [DEBUG] CPU: 46.65%, MEM: 64.11%, REQ: 231, ERR: 0.014
2024-12-29 19:25:40.469943 [INFO] CPU: 54.15%, MEM: 65.56%, REQ: 201, ERR: 0.013
2024-12-29 19:26:40.469943 [INFO] CPU: 24.70%, MEM: 56.44%, REQ: 205, ERR: 0.004
2024-12-29 19:27:40.469943 [INFO] CPU: 53.86%, MEM: 57.55%, REQ: 235, ERR: 0.018
2024-12-29 19:28:40.469943 [DEBUG] CPU: 45.34%, MEM: 58.19%, REQ: 199, ERR: 0.008
2024-12-29 19:29:40.469943 [INFO] CPU: 51.95%, MEM: 50.90%, REQ: 177, ERR: 0.013
2024-12-29 19:30:40.469943 [WARNING] CPU: 56.30%, MEM: 50.35%, REQ: 218, ERR: 0.007
2024-12-29 19:31:40.469943 [WARNING] CPU: 52.53%, MEM: 69.84%, REQ: 199, ERR: 0.012
2024-12-29 19:32:40.469943 [WARNING] CPU: 44.84%, MEM: 57.64%, REQ: 196, ERR: 0.006
2024-12-29 19:33:40.469943 [INFO] CPU: 48.23%, MEM: 41.42%, REQ: 190, ERR: 0.009
2024-12-29 19:34:40.469943 [WARNING] CPU: 47.44%, MEM: 57.10%, REQ: 199, ERR: 0.012
2024-12-29 19:35:40.469943 [INFO] CPU: 58.75%, MEM: 52.20%, REQ: 176, ERR: 0.005
2024-12-29 19:36:40.469943 [INFO] CPU: 45.13%, MEM: 55.78%, REQ: 185, ERR: 0.004
2024-12-29 19:37:40.469943 [INFO] CPU: 45.44%, MEM: 62.18%, REQ: 212, ERR: 0.007
2024-12-29 19:38:40.469943 [INFO] CPU: 45.87%, MEM: 48.88%, REQ: 199, ERR: 0.006
2024-12-29 19:39:40.469943 [INFO] CPU: 55.73%, MEM: 38.57%, REQ: 193, ERR: 0.012
2024-12-29 19:40:40.469943 [INFO] CPU: 51.84%, MEM: 92.32%, REQ: 207, ERR: 0.005
2024-12-29 19:41:40.469943 [WARNING] CPU: 49.05%, MEM: 38.69%, REQ: 198, ERR: 0.006
2024-12-29 19:42:40.469943 [INFO] CPU: 59.15%, MEM: 53.41%, REQ: 198, ERR: 0.007
2024-12-29 19:43:40.469943 [INFO] CPU: 67.39%, MEM: 56.15%, REQ: 237, ERR: 0.014
2024-12-29 19:44:40.469943 [WARNING] CPU: 54.82%, MEM: 64.42%, REQ: 208, ERR: 0.000
2024-12-29 19:45:40.469943 [WARNING] CPU: 47.21%, MEM: 70.14%, REQ: 199, ERR: 0.003
2024-12-29 19:46:40.469943 [INFO] CPU: 49.48%, MEM: 80.45%, REQ: 225, ERR: 0.010
2024-12-29 19:47:40.469943 [WARNING] CPU: 59.51%, MEM: 55.60%, REQ: 166, ERR: 0.005
2024-12-29 19:48:40.469943 [INFO] CPU: 65.63%, MEM: 56.71%, REQ: 195, ERR: 0.009
2024-12-29 19:49:40.469943 [WARNING] CPU: 69.04%, MEM: 79.51%, REQ: 244, ERR: 0.009
2024-12-29 19:50:40.469943 [ERROR] CPU: 105.00%, MEM: 87.00%, REQ: 359, ERR: 0.260
2024-12-29 19:51:40.469943 [DEBUG] CPU: 52.17%, MEM: 46.83%, REQ: 188, ERR: 0.006
2024-12-29 19:52:40.469943 [WARNING] CPU: 43.92%, MEM: 53.53%, REQ: 189, ERR: 0.014
2024-12-29 19:53:40.469943 [WARNING] CPU: 38.95%, MEM: 62.65%, REQ: 224, ERR: 0.007
2024-12-29 19:54:40.469943 [INFO] CPU: 42.82%, MEM: 57.23%, REQ: 224, ERR: 0.011
2024-12-29 19:55:40.469943 [INFO] CPU: 44.69%, MEM: 65.81%, REQ: 178, ERR: 0.013
2024-12-29 19:56:40.469943 [INFO] CPU: 54.09%, MEM: 56.31%, REQ: 183, ERR: 0.006
2024-12-29 19:57:40.469943 [INFO] CPU: 55.35%, MEM: 74.75%, REQ: 187, ERR: 0.012
2024-12-29 19:58:40.469943 [INFO] CPU: 29.13%, MEM: 52.98%, REQ: 199, ERR: 0.005
2024-12-29 19:59:40.469943 [WARNING] CPU: 40.63%, MEM: 51.99%, REQ: 206, ERR: 0.009
2024-12-29 20:00:40.469943 [INFO] CPU: 27.62%, MEM: 34.55%, REQ: 188, ERR: 0.012
2024-12-29 20:01:40.469943 [INFO] CPU: 22.52%, MEM: 54.00%, REQ: 189, ERR: 0.017
2024-12-29 20:02:40.469943 [INFO] CPU: 46.15%, MEM: 64.60%, REQ: 203, ERR: -0.001
2024-12-29 20:03:40.469943 [DEBUG] CPU: 57.68%, MEM: 62.58%, REQ: 210, ERR: 0.030
2024-12-29 20:04:40.469943 [INFO] CPU: 29.16%, MEM: 80.70%, REQ: 194, ERR: 0.011
2024-12-29 20:05:40.469943 [DEBUG] CPU: 49.54%, MEM: 54.91%, REQ: 189, ERR: 0.012
2024-12-29 20:06:40.469943 [INFO] CPU: 34.83%, MEM: 69.01%, REQ: 192, ERR: 0.004
2024-12-29 20:07:40.469943 [INFO] CPU: 45.50%, MEM: 75.09%, REQ: 189, ERR: 0.012
2024-12-29 20:08:40.469943 [INFO] CPU: 42.69%, MEM: 69.10%, REQ: 214, ERR: 0.019
2024-12-29 20:09:40.469943 [WARNING] CPU: 48.24%, MEM: 68.02%, REQ: 202, ERR: 0.016
2024-12-29 20:10:40.469943 [DEBUG] CPU: 42.81%, MEM: 68.94%, REQ: 196, ERR: 0.010
2024-12-29 20:11:40.469943 [INFO] CPU: 50.92%, MEM: 63.03%, REQ: 198, ERR: 0.011
2024-12-29 20:12:40.469943 [INFO] CPU: 65.78%, MEM: 71.83%, REQ: 217, ERR: 0.008
2024-12-29 20:13:40.469943 [WARNING] CPU: 41.11%, MEM: 71.46%, REQ: 218, ERR: 0.017
2024-12-29 20:14:40.469943 [WARNING] CPU: 43.96%, MEM: 57.25%, REQ: 167, ERR: 0.008
2024-12-29 20:15:40.469943 [INFO] CPU: 59.97%, MEM: 54.40%, REQ: 213, ERR: 0.009
2024-12-29 20:16:40.469943 [INFO] CPU: 53.24%, MEM: 46.23%, REQ: 202, ERR: -0.005
2024-12-29 20:17:40.469943 [INFO] CPU: 48.13%, MEM: 40.43%, REQ: 224, ERR: 0.014
2024-12-29 20:18:40.469943 [INFO] CPU: 54.67%, MEM: 78.25%, REQ: 181, ERR: 0.019
2024-12-29 20:19:40.469943 [INFO] CPU: 59.32%, MEM: 57.16%, REQ: 223, ERR: 0.004
2024-12-29 20:20:40.469943 [WARNING] CPU: 41.75%, MEM: 52.70%, REQ: 189, ERR: 0.005
2024-12-29 20:21:40.469943 [INFO] CPU: 62.23%, MEM: 56.89%, REQ: 207, ERR: 0.007
2024-12-29 20:22:40.469943 [INFO] CPU: 31.79%, MEM: 63.24%, REQ: 162, ERR: 0.010
2024-12-29 20:23:40.469943 [INFO] CPU: 36.32%, MEM: 83.85%, REQ: 218, ERR: 0.011
2024-12-29 20:24:40.469943 [INFO] CPU: 62.64%, MEM: 49.84%, REQ: 211, ERR: 0.011
2024-12-29 20:25:40.469943 [WARNING] CPU: 52.64%, MEM: 75.27%, REQ: 215, ERR: 0.011
2024-12-29 20:26:40.469943 [DEBUG] CPU: 33.45%, MEM: 48.48%, REQ: 198, ERR: 0.010
2024-12-29 20:27:40.469943 [INFO] CPU: 38.70%, MEM: 88.94%, REQ: 230, ERR: 0.013
2024-12-29 20:28:40.469943 [DEBUG] CPU: 50.72%, MEM: 57.45%, REQ: 181, ERR: 0.010
2024-12-29 20:29:40.469943 [DEBUG] CPU: 52.58%, MEM: 45.10%, REQ: 207, ERR: 0.009
2024-12-29 20:30:40.469943 [INFO] CPU: 30.92%, MEM: 49.68%, REQ: 192, ERR: 0.019
2024-12-29 20:31:40.469943 [INFO] CPU: 55.57%, MEM: 43.97%, REQ: 210, ERR: 0.002
2024-12-29 20:32:40.469943 [WARNING] CPU: 60.83%, MEM: 54.35%, REQ: 198, ERR: 0.017
2024-12-29 20:33:40.469943 [INFO] CPU: 37.13%, MEM: 43.23%, REQ: 188, ERR: 0.015
2024-12-29 20:34:40.469943 [INFO] CPU: 34.81%, MEM: 26.01%, REQ: 191, ERR: 0.013
2024-12-29 20:35:40.469943 [WARNING] CPU: 62.00%, MEM: 54.44%, REQ: 192, ERR: 0.016
2024-12-29 20:36:40.469943 [INFO] CPU: 31.30%, MEM: 55.34%, REQ: 204, ERR: 0.012
2024-12-29 20:37:40.469943 [INFO] CPU: 44.90%, MEM: 60.41%, REQ: 150, ERR: 0.007
2024-12-29 20:38:40.469943 [INFO] CPU: 54.54%, MEM: 48.21%, REQ: 201, ERR: 0.012
2024-12-29 20:39:40.469943 [INFO] CPU: 46.57%, MEM: 62.05%, REQ: 181, ERR: 0.009
2024-12-29 20:40:40.469943 [INFO] CPU: 56.10%, MEM: 61.88%, REQ: 188, ERR: 0.011
2024-12-29 20:41:40.469943 [INFO] CPU: 57.15%, MEM: 35.40%, REQ: 223, ERR: 0.008
2024-12-29 20:42:40.469943 [INFO] CPU: 54.25%, MEM: 74.37%, REQ: 173, ERR: 0.006
2024-12-29 20:43:40.469943 [DEBUG] CPU: 47.11%, MEM: 50.59%, REQ: 235, ERR: 0.006
2024-12-29 20:44:40.469943 [WARNING] CPU: 44.44%, MEM: 62.45%, REQ: 176, ERR: 0.008
2024-12-29 20:45:40.469943 [WARNING] CPU: 53.17%, MEM: 56.01%, REQ: 198, ERR: 0.007
2024-12-29 20:46:40.469943 [INFO] CPU: 34.86%, MEM: 63.86%, REQ: 235, ERR: 0.010
2024-12-29 20:47:40.469943 [DEBUG] CPU: 52.25%, MEM: 68.31%, REQ: 175, ERR: 0.019
2024-12-29 20:48:40.469943 [INFO] CPU: 52.02%, MEM: 79.58%, REQ: 185, ERR: 0.019
2024-12-29 20:49:40.469943 [INFO] CPU: 57.75%, MEM: 66.64%, REQ: 205, ERR: 0.009
2024-12-29 20:50:40.469943 [DEBUG] CPU: 62.01%, MEM: 61.68%, REQ: 161, ERR: 0.004
2024-12-29 20:51:40.469943 [WARNING] CPU: 48.14%, MEM: 63.72%, REQ: 199, ERR: 0.016
2024-12-29 20:52:40.469943 [WARNING] CPU: 30.49%, MEM: 61.72%, REQ: 164, ERR: 0.014
2024-12-29 20:53:40.469943 [INFO] CPU: 49.06%, MEM: 65.04%, REQ: 183, ERR: 0.016
2024-12-29 20:54:40.469943 [INFO] CPU: 60.42%, MEM: 67.00%, REQ: 197, ERR: 0.013
2024-12-29 20:55:40.469943 [WARNING] CPU: 42.93%, MEM: 70.27%, REQ: 233, ERR: 0.015
2024-12-29 20:56:40.469943 [INFO] CPU: 42.70%, MEM: 64.34%, REQ: 174, ERR: 0.013
2024-12-29 20:57:40.469943 [INFO] CPU: 54.51%, MEM: 37.56%, REQ: 177, ERR: 0.009
2024-12-29 20:58:40.469943 [INFO] CPU: 46.99%, MEM: 45.49%, REQ: 208, ERR: 0.011
2024-12-29 20:59:40.469943 [INFO] CPU: 48.06%, MEM: 50.93%, REQ: 221, ERR: 0.018
2024-12-29 21:00:40.469943 [WARNING] CPU: 45.16%, MEM: 52.65%, REQ: 210, ERR: 0.008
2024-12-29 21:01:40.469943 [ERROR] CPU: 115.00%, MEM: 95.00%, REQ: 364, ERR: 0.119
2024-12-29 21:02:40.469943 [INFO] CPU: 50.73%, MEM: 55.06%, REQ: 198, ERR: 0.010
2024-12-29 21:03:40.469943 [DEBUG] CPU: 32.69%, MEM: 77.94%, REQ: 201, ERR: 0.012
2024-12-29 21:04:40.469943 [INFO] CPU: 59.52%, MEM: 47.75%, REQ: 209, ERR: 0.009
2024-12-29 21:05:40.469943 [INFO] CPU: 58.47%, MEM: 34.47%, REQ: 198, ERR: 0.007
2024-12-29 21:06:40.469943 [DEBUG] CPU: 54.32%, MEM: 65.64%, REQ: 186, ERR: 0.006
2024-12-29 21:07:40.469943 [INFO] CPU: 48.89%, MEM: 49.24%, REQ: 217, ERR: 0.008
2024-12-29 21:08:40.469943 [INFO] CPU: 20.93%, MEM: 55.50%, REQ: 179, ERR: 0.002
2024-12-29 21:09:40.469943 [INFO] CPU: 37.63%, MEM: 61.31%, REQ: 227, ERR: 0.012
2024-12-29 21:10:40.469943 [INFO] CPU: 43.93%, MEM: 65.47%, REQ: 191, ERR: 0.007
2024-12-29 21:11:40.469943 [WARNING] CPU: 38.46%, MEM: 38.98%, REQ: 192, ERR: 0.011
2024-12-29 21:12:40.469943 [INFO] CPU: 49.03%, MEM: 55.01%, REQ: 181, ERR: 0.013
2024-12-29 21:13:40.469943 [WARNING] CPU: 36.83%, MEM: 69.31%, REQ: 180, ERR: 0.006
2024-12-29 21:14:40.469943 [INFO] CPU: 35.33%, MEM: 53.98%, REQ: 220, ERR: 0.013
2024-12-29 21:15:40.469943 [INFO] CPU: 59.78%, MEM: 66.27%, REQ: 178, ERR: 0.008
2024-12-29 21:16:40.469943 [WARNING] CPU: 42.20%, MEM: 75.97%, REQ: 176, ERR: 0.014
2024-12-29 21:17:40.469943 [DEBUG] CPU: 58.93%, MEM: 81.96%, REQ: 192, ERR: 0.014
2024-12-29 21:18:40.469943 [WARNING] CPU: 72.82%, MEM: 52.59%, REQ: 169, ERR: 0.001
2024-12-29 21:19:40.469943 [INFO] CPU: 57.13%, MEM: 37.40%, REQ: 193, ERR: 0.012
2024-12-29 21:20:40.469943 [INFO] CPU: 51.85%, MEM: 65.11%, REQ: 204, ERR: 0.016
2024-12-29 21:21:40.469943 [INFO] CPU: 40.48%, MEM: 51.88%, REQ: 185, ERR: 0.014
2024-12-29 21:22:40.469943 [INFO] CPU: 59.00%, MEM: 65.41%, REQ: 224, ERR: 0.004
2024-12-29 21:23:40.469943 [INFO] CPU: 66.67%, MEM: 78.28%, REQ: 215, ERR: 0.019
2024-12-29 21:24:40.469943 [INFO] CPU: 33.43%, MEM: 53.71%, REQ: 185, ERR: 0.014
2024-12-29 21:25:40.469943 [INFO] CPU: 39.50%, MEM: 69.09%, REQ: 227, ERR: 0.013
2024-12-29 21:26:40.469943 [INFO] CPU: 52.84%, MEM: 48.15%, REQ: 183, ERR: 0.016
2024-12-29 21:27:40.469943 [INFO] CPU: 57.79%, MEM: 59.53%, REQ: 192, ERR: -0.000
2024-12-29 21:28:40.469943 [INFO] CPU: 39.29%, MEM: 82.94%, REQ: 174, ERR: 0.011
2024-12-29 21:29:40.469943 [INFO] CPU: 60.07%, MEM: 44.94%, REQ: 204, ERR: 0.015
2024-12-29 21:30:40.469943 [DEBUG] CPU: 50.12%, MEM: 94.42%, REQ: 167, ERR: 0.015
2024-12-29 21:31:40.469943 [DEBUG] CPU: 48.27%, MEM: 69.26%, REQ: 209, ERR: 0.006
2024-12-29 21:32:40.469943 [DEBUG] CPU: 52.29%, MEM: 37.71%, REQ: 212, ERR: 0.011
2024-12-29 21:33:40.469943 [INFO] CPU: 56.39%, MEM: 72.70%, REQ: 207, ERR: 0.011
2024-12-29 21:34:40.469943 [WARNING] CPU: 41.19%, MEM: 51.45%, REQ: 224, ERR: 0.017
2024-12-29 21:35:40.469943 [INFO] CPU: 47.62%, MEM: 60.55%, REQ: 182, ERR: 0.016
2024-12-29 21:36:40.469943 [INFO] CPU: 56.65%, MEM: 83.29%, REQ: 182, ERR: 0.008
2024-12-29 21:37:40.469943 [INFO] CPU: 52.31%, MEM: 67.76%, REQ: 196, ERR: 0.006
2024-12-29 21:38:40.469943 [INFO] CPU: 58.81%, MEM: 68.65%, REQ: 182, ERR: 0.017
2024-12-29 21:39:40.469943 [INFO] CPU: 61.70%, MEM: 61.61%, REQ: 202, ERR: 0.013
2024-12-29 21:40:40.469943 [INFO] CPU: 41.38%, MEM: 60.36%, REQ: 157, ERR: 0.014
2024-12-29 21:41:40.469943 [INFO] CPU: 34.39%, MEM: 78.04%, REQ: 193, ERR: 0.009
2024-12-29 21:42:40.469943 [WARNING] CPU: 43.72%, MEM: 56.54%, REQ: 228, ERR: -0.002
2024-12-29 21:43:40.469943 [INFO] CPU: 62.77%, MEM: 64.06%, REQ: 176, ERR: 0.005
2024-12-29 21:44:40.469943 [INFO] CPU: 66.76%, MEM: 48.65%, REQ: 177, ERR: 0.016
2024-12-29 21:45:40.469943 [INFO] CPU: 53.39%, MEM: 48.74%, REQ: 204, ERR: 0.005
2024-12-29 21:46:40.469943 [WARNING] CPU: 61.01%, MEM: 72.74%, REQ: 211, ERR: 0.012
2024-12-29 21:47:40.469943 [WARNING] CPU: 67.61%, MEM: 60.00%, REQ: 176, ERR: 0.012
2024-12-29 21:48:40.469943 [INFO] CPU: 70.86%, MEM: 47.82%, REQ: 193, ERR: 0.012
2024-12-29 21:49:40.469943 [INFO] CPU: 49.46%, MEM: 48.21%, REQ: 222, ERR: 0.022
2024-12-29 21:50:40.469943 [ERROR] CPU: 99.00%, MEM: 98.00%, REQ: 381, ERR: 0.191
2024-12-29 21:51:40.469943 [DEBUG] CPU: 61.04%, MEM: 65.70%, REQ: 200, ERR: 0.007
2024-12-29 21:52:40.469943 [WARNING] CPU: 39.08%, MEM: 70.02%, REQ: 218, ERR: 0.002
2024-12-29 21:53:40.469943 [INFO] CPU: 65.90%, MEM: 66.89%, REQ: 228, ERR: 0.003
2024-12-29 21:54:40.469943 [DEBUG] CPU: 36.34%, MEM: 58.21%, REQ: 210, ERR: 0.019
2024-12-29 21:55:40.469943 [INFO] CPU: 57.06%, MEM: 57.09%, REQ: 179, ERR: 0.016
2024-12-29 21:56:40.469943 [INFO] CPU: 40.35%, MEM: 79.54%, REQ: 194, ERR: 0.018
2024-12-29 21:57:40.469943 [INFO] CPU: 56.79%, MEM: 58.36%, REQ: 190, ERR: 0.008
2024-12-29 21:58:40.469943 [INFO] CPU: 54.28%, MEM: 60.93%, REQ: 188, ERR: 0.009
2024-12-29 21:59:40.469943 [INFO] CPU: 50.79%, MEM: 34.46%, REQ: 209, ERR: 0.005
2024-12-29 22:00:40.469943 [WARNING] CPU: 38.47%, MEM: 39.75%, REQ: 164, ERR: 0.003
2024-12-29 22:01:40.469943 [INFO] CPU: 42.91%, MEM: 83.44%, REQ: 189, ERR: 0.011
2024-12-29 22:02:40.469943 [WARNING] CPU: 54.00%, MEM: 61.57%, REQ: 198, ERR: 0.004
2024-12-29 22:03:40.469943 [INFO] CPU: 64.51%, MEM: 81.69%, REQ: 166, ERR: 0.005
2024-12-29 22:04:40.469943 [WARNING] CPU: 47.20%, MEM: 48.43%, REQ: 210, ERR: 0.006
2024-12-29 22:05:40.469943 [INFO] CPU: 71.65%, MEM: 74.29%, REQ: 204, ERR: 0.015
2024-12-29 22:06:40.469943 [WARNING] CPU: 61.06%, MEM: 53.23%, REQ: 184, ERR: 0.010
2024-12-29 22:07:40.469943 [DEBUG] CPU: 58.62%, MEM: 61.67%, REQ: 168, ERR: 0.006
2024-12-29 22:08:40.469943 [DEBUG] CPU: 49.26%, MEM: 59.09%, REQ: 239, ERR: 0.003
2024-12-29 22:09:40.469943 [INFO] CPU: 55.06%, MEM: 77.87%, REQ: 245, ERR: 0.008
2024-12-29 22:10:40.469943 [DEBUG] CPU: 54.91%, MEM: 66.84%, REQ: 204, ERR: 0.010
2024-12-29 22:11:40.469943 [DEBUG] CPU: 54.36%, MEM: 29.61%, REQ: 214, ERR: 0.011
2024-12-29 22:12:40.469943 [DEBUG] CPU: 47.78%, MEM: 84.56%, REQ: 187, ERR: 0.008
2024-12-29 22:13:40.469943 [WARNING] CPU: 69.92%, MEM: 50.02%, REQ: 189, ERR: 0.009
2024-12-29 22:14:40.469943 [INFO] CPU: 58.41%, MEM: 62.49%, REQ: 174, ERR: 0.007
2024-12-29 22:15:40.469943 [DEBUG] CPU: 43.93%, MEM: 59.07%, REQ: 209, ERR: 0.012
2024-12-29 22:16:40.469943 [INFO] CPU: 32.24%, MEM: 72.77%, REQ: 205, ERR: 0.017
2024-12-29 22:17:40.469943 [INFO] CPU: 54.44%, MEM: 73.22%, REQ: 209, ERR: 0.017
2024-12-29 22:18:40.469943 [INFO] CPU: 55.22%, MEM: 58.83%, REQ: 245, ERR: 0.014
2024-12-29 22:19:40.469943 [WARNING] CPU: 55.74%, MEM: 44.68%, REQ: 174, ERR: 0.011
2024-12-29 22:20:40.469943 [DEBUG] CPU: 51.46%, MEM: 52.63%, REQ: 203, ERR: 0.018
2024-12-29 22:21:40.469943 [INFO] CPU: 56.95%, MEM: 46.31%, REQ: 198, ERR: 0.006
2024-12-29 22:22:40.469943 [WARNING] CPU: 46.12%, MEM: 55.04%, REQ: 190, ERR: 0.004
2024-12-29 22:23:40.469943 [INFO] CPU: 48.72%, MEM: 53.27%, REQ: 141, ERR: 0.020
2024-12-29 22:24:40.469943 [DEBUG] CPU: 60.89%, MEM: 55.48%, REQ: 200, ERR: 0.004
2024-12-29 22:25:40.469943 [INFO] CPU: 66.96%, MEM: 82.77%, REQ: 203, ERR: 0.015
2024-12-29 22:26:40.469943 [INFO] CPU: 51.75%, MEM: 43.96%, REQ: 192, ERR: 0.011
2024-12-29 22:27:40.469943 [INFO] CPU: 45.45%, MEM: 57.38%, REQ: 198, ERR: 0.010
2024-12-29 22:28:40.469943 [INFO] CPU: 50.52%, MEM: 47.27%, REQ: 186, ERR: 0.004
2024-12-29 22:29:40.469943 [DEBUG] CPU: 59.78%, MEM: 34.73%, REQ: 223, ERR: 0.017
2024-12-29 22:30:40.469943 [WARNING] CPU: 46.98%, MEM: 28.76%, REQ: 193, ERR: 0.010
2024-12-29 22:31:40.469943 [INFO] CPU: 39.89%, MEM: 53.82%, REQ: 231, ERR: 0.013
2024-12-29 22:32:40.469943 [INFO] CPU: 40.75%, MEM: 40.83%, REQ: 193, ERR: 0.009
2024-12-29 22:33:40.469943 [INFO] CPU: 54.96%, MEM: 53.58%, REQ: 210, ERR: 0.020
2024-12-29 22:34:40.469943 [DEBUG] CPU: 58.16%, MEM: 59.42%, REQ: 196, ERR: 0.008
2024-12-29 22:35:40.469943 [WARNING] CPU: 61.81%, MEM: 52.47%, REQ: 201, ERR: 0.010
2024-12-29 22:36:40.469943 [DEBUG] CPU: 44.98%, MEM: 43.53%, REQ: 206, ERR: 0.010
2024-12-29 22:37:40.469943 [DEBUG] CPU: 55.00%, MEM: 53.60%, REQ: 224, ERR: 0.006
2024-12-29 22:38:40.469943 [DEBUG] CPU: 67.12%, MEM: 39.03%, REQ: 209, ERR: 0.012
2024-12-29 22:39:40.469943 [INFO] CPU: 42.04%, MEM: 65.09%, REQ: 226, ERR: -0.001
2024-12-29 22:40:40.469943 [INFO] CPU: 55.03%, MEM: 30.08%, REQ: 181, ERR: 0.018
2024-12-29 22:41:40.469943 [INFO] CPU: 44.18%, MEM: 45.91%, REQ: 196, ERR: 0.020
2024-12-29 22:42:40.469943 [WARNING] CPU: 31.68%, MEM: 47.38%, REQ: 230, ERR: 0.019
2024-12-29 22:43:40.469943 [INFO] CPU: 48.97%, MEM: 45.13%, REQ: 242, ERR: 0.018
2024-12-29 22:44:40.469943 [WARNING] CPU: 56.79%, MEM: 50.25%, REQ: 199, ERR: 0.009
2024-12-29 22:45:40.469943 [INFO] CPU: 53.31%, MEM: 77.41%, REQ: 218, ERR: 0.005
2024-12-29 22:46:40.469943 [DEBUG] CPU: 63.76%, MEM: 63.76%, REQ: 214, ERR: 0.017
2024-12-29 22:47:40.469943 [DEBUG] CPU: 38.88%, MEM: 59.57%, REQ: 189, ERR: 0.002
2024-12-29 22:48:40.469943 [INFO] CPU: 53.47%, MEM: 90.14%, REQ: 163, ERR: 0.010
2024-12-29 22:49:40.469943 [INFO] CPU: 56.41%, MEM: 61.48%, REQ: 198, ERR: 0.004
2024-12-29 22:50:40.469943 [INFO] CPU: 52.33%, MEM: 50.92%, REQ: 156, ERR: 0.016
2024-12-29 22:51:40.469943 [WARNING] CPU: 59.58%, MEM: 60.62%, REQ: 205, ERR: 0.015
2024-12-29 22:52:40.469943 [INFO] CPU: 52.24%, MEM: 70.85%, REQ: 194, ERR: 0.017
2024-12-29 22:53:40.469943 [DEBUG] CPU: 53.21%, MEM: 62.33%, REQ: 175, ERR: 0.011
2024-12-29 22:54:40.469943 [INFO] CPU: 41.68%, MEM: 52.34%, REQ: 184, ERR: 0.005
2024-12-29 22:55:40.469943 [WARNING] CPU: 71.25%, MEM: 75.98%, REQ: 238, ERR: 0.004
2024-12-29 22:56:40.469943 [INFO] CPU: 50.71%, MEM: 44.48%, REQ: 186, ERR: 0.005
2024-12-29 22:57:40.469943 [DEBUG] CPU: 62.40%, MEM: 55.25%, REQ: 221, ERR: 0.013
2024-12-29 22:58:40.469943 [INFO] CPU: 73.04%, MEM: 42.25%, REQ: 225, ERR: 0.016
2024-12-29 22:59:40.469943 [INFO] CPU: 40.27%, MEM: 72.09%, REQ: 207, ERR: 0.009
2024-12-29 23:00:40.469943 [INFO] CPU: 41.76%, MEM: 51.37%, REQ: 241, ERR: 0.010
2024-12-29 23:01:40.469943 [INFO] CPU: 57.82%, MEM: 50.51%, REQ: 184, ERR: 0.015
2024-12-29 23:02:40.469943 [DEBUG] CPU: 36.50%, MEM: 55.02%, REQ: 201, ERR: 0.011
2024-12-29 23:03:40.469943 [INFO] CPU: 48.21%, MEM: 64.75%, REQ: 214, ERR: 0.014
2024-12-29 23:04:40.469943 [INFO] CPU: 40.14%, MEM: 56.59%, REQ: 224, ERR: 0.014
2024-12-29 23:05:40.469943 [DEBUG] CPU: 36.27%, MEM: 64.22%, REQ: 160, ERR: 0.010
2024-12-29 23:06:40.469943 [WARNING] CPU: 68.98%, MEM: 48.63%, REQ: 183, ERR: 0.014
2024-12-29 23:07:40.469943 [INFO] CPU: 34.57%, MEM: 52.41%, REQ: 212, ERR: 0.007
2024-12-29 23:08:40.469943 [DEBUG] CPU: 47.64%, MEM: 68.93%, REQ: 208, ERR: 0.011
2024-12-29 23:09:40.469943 [INFO] CPU: 46.61%, MEM: 64.44%, REQ: 198, ERR: 0.012
2024-12-29 23:10:40.469943 [INFO] CPU: 45.03%, MEM: 57.81%, REQ: 180, ERR: 0.010
2024-12-29 23:11:40.469943 [INFO] CPU: 41.89%, MEM: 46.63%, REQ: 205, ERR: 0.011
2024-12-29 23:12:40.469943 [DEBUG] CPU: 57.83%, MEM: 54.83%, REQ: 208, ERR: 0.013
2024-12-29 23:13:40.469943 [INFO] CPU: 54.45%, MEM: 50.09%, REQ: 203, ERR: 0.012
2024-12-29 23:14:40.469943 [INFO] CPU: 50.07%, MEM: 34.96%, REQ: 203, ERR: 0.021
2024-12-29 23:15:40.469943 [INFO] CPU: 46.40%, MEM: 51.26%, REQ: 207, ERR: 0.012
2024-12-29 23:16:40.469943 [DEBUG] CPU: 61.93%, MEM: 44.91%, REQ: 215, ERR: 0.013
2024-12-29 23:17:40.469943 [INFO] CPU: 48.58%, MEM: 64.06%, REQ: 221, ERR: 0.014
2024-12-29 23:18:40.469943 [INFO] CPU: 38.57%, MEM: 69.84%, REQ: 199, ERR: 0.010
2024-12-29 23:19:40.469943 [INFO] CPU: 50.73%, MEM: 58.20%, REQ: 224, ERR: 0.010
2024-12-29 23:20:40.469943 [INFO] CPU: 38.80%, MEM: 55.28%, REQ: 204, ERR: 0.016
2024-12-29 23:21:40.469943 [DEBUG] CPU: 56.03%, MEM: 49.79%, REQ: 250, ERR: 0.011
2024-12-29 23:22:40.469943 [INFO] CPU: 62.75%, MEM: 58.18%, REQ: 211, ERR: 0.014
2024-12-29 23:23:40.469943 [INFO] CPU: 62.18%, MEM: 72.69%, REQ: 217, ERR: 0.008
2024-12-29 23:24:40.469943 [INFO] CPU: 44.28%, MEM: 63.99%, REQ: 219, ERR: 0.009
2024-12-29 23:25:40.469943 [INFO] CPU: 60.65%, MEM: 77.43%, REQ: 182, ERR: 0.006
2024-12-29 23:26:40.469943 [INFO] CPU: 48.60%, MEM: 63.69%, REQ: 190, ERR: 0.017
2024-12-29 23:27:40.469943 [INFO] CPU: 54.24%, MEM: 60.47%, REQ: 171, ERR: 0.003
2024-12-29 23:28:40.469943 [WARNING] CPU: 52.81%, MEM: 34.41%, REQ: 220, ERR: 0.009
2024-12-29 23:29:40.469943 [INFO] CPU: 82.43%, MEM: 87.69%, REQ: 196, ERR: 0.009
2024-12-29 23:30:40.469943 [INFO] CPU: 59.96%, MEM: 80.44%, REQ: 167, ERR: 0.001
2024-12-29 23:31:40.469943 [INFO] CPU: 43.78%, MEM: 66.99%, REQ: 210, ERR: 0.015
2024-12-29 23:32:40.469943 [INFO] CPU: 38.00%, MEM: 32.21%, REQ: 217, ERR: 0.006
2024-12-29 23:33:40.469943 [WARNING] CPU: 29.82%, MEM: 61.74%, REQ: 216, ERR: 0.009
2024-12-29 23:34:40.469943 [WARNING] CPU: 45.42%, MEM: 58.09%, REQ: 193, ERR: 0.003
2024-12-29 23:35:40.469943 [INFO] CPU: 42.85%, MEM: 66.26%, REQ: 206, ERR: 0.011
2024-12-29 23:36:40.469943 [INFO] CPU: 40.05%, MEM: 57.82%, REQ: 156, ERR: 0.011
2024-12-29 23:37:40.469943 [INFO] CPU: 64.29%, MEM: 42.31%, REQ: 188, ERR: 0.012
2024-12-29 23:38:40.469943 [INFO] CPU: 62.53%, MEM: 54.62%, REQ: 186, ERR: 0.000
2024-12-29 23:39:40.469943 [INFO] CPU: 51.03%, MEM: 84.50%, REQ: 206, ERR: 0.010
2024-12-29 23:40:40.469943 [INFO] CPU: 53.22%, MEM: 59.87%, REQ: 184, ERR: 0.014
2024-12-29 23:41:40.469943 [INFO] CPU: 52.26%, MEM: 60.21%, REQ: 180, ERR: 0.017
2024-12-29 23:42:40.469943 [ERROR] CPU: 106.00%, MEM: 90.00%, REQ: 365, ERR: 0.294
2024-12-29 23:43:40.469943 [INFO] CPU: 42.18%, MEM: 50.88%, REQ: 165, ERR: 0.012
2024-12-29 23:44:40.469943 [INFO] CPU: 31.69%, MEM: 45.26%, REQ: 158, ERR: 0.010
2024-12-29 23:45:40.469943 [INFO] CPU: 48.50%, MEM: 56.08%, REQ: 179, ERR: 0.004
2024-12-29 23:46:40.469943 [DEBUG] CPU: 54.64%, MEM: 53.39%, REQ: 206, ERR: 0.006
2024-12-29 23:47:40.469943 [WARNING] CPU: 51.81%, MEM: 75.64%, REQ: 212, ERR: 0.008
2024-12-29 23:48:40.469943 [INFO] CPU: 52.57%, MEM: 57.11%, REQ: 200, ERR: 0.008
2024-12-29 23:49:40.469943 [WARNING] CPU: 48.36%, MEM: 62.55%, REQ: 180, ERR: 0.005
2024-12-29 23:50:40.469943 [INFO] CPU: 36.11%, MEM: 40.80%, REQ: 176, ERR: 0.011
2024-12-29 23:51:40.469943 [INFO] CPU: 41.07%, MEM: 66.16%, REQ: 201, ERR: 0.000
2024-12-29 23:52:40.469943 [INFO] CPU: 56.55%, MEM: 69.73%, REQ: 180, ERR: 0.012
2024-12-29 23:53:40.469943 [WARNING] CPU: 41.44%, MEM: 61.17%, REQ: 175, ERR: 0.001
2024-12-29 23:54:40.469943 [INFO] CPU: 46.17%, MEM: 58.52%, REQ: 192, ERR: 0.004
2024-12-29 23:55:40.469943 [INFO] CPU: 46.00%, MEM: 63.23%, REQ: 199, ERR: 0.011
2024-12-29 23:56:40.469943 [INFO] CPU: 43.30%, MEM: 74.06%, REQ: 176, ERR: 0.012
2024-12-29 23:57:40.469943 [INFO] CPU: 61.82%, MEM: 65.77%, REQ: 196, ERR: 0.007
2024-12-29 23:58:40.469943 [WARNING] CPU: 60.36%, MEM: 42.92%, REQ: 181, ERR: 0.008
2024-12-29 23:59:40.469943 [WARNING] CPU: 62.38%, MEM: 64.56%, REQ: 181, ERR: 0.008
2024-12-30 00:00:40.469943 [INFO] CPU: 43.86%, MEM: 51.48%, REQ: 220, ERR: 0.003
2024-12-30 00:01:40.469943 [WARNING] CPU: 66.09%, MEM: 69.94%, REQ: 222, ERR: 0.008
2024-12-30 00:02:40.469943 [INFO] CPU: 48.50%, MEM: 42.80%, REQ: 190, ERR: 0.012
2024-12-30 00:03:40.469943 [INFO] CPU: 62.96%, MEM: 46.71%, REQ: 193, ERR: 0.009
2024-12-30 00:04:40.469943 [INFO] CPU: 36.04%, MEM: 67.10%, REQ: 186, ERR: 0.009
2024-12-30 00:05:40.469943 [INFO] CPU: 45.48%, MEM: 50.53%, REQ: 200, ERR: 0.009
2024-12-30 00:06:40.469943 [WARNING] CPU: 46.28%, MEM: 51.26%, REQ: 206, ERR: 0.018
2024-12-30 00:07:40.469943 [INFO] CPU: 51.40%, MEM: 71.95%, REQ: 172, ERR: 0.011
2024-12-30 00:08:40.469943 [INFO] CPU: 39.03%, MEM: 42.28%, REQ: 185, ERR: 0.016
2024-12-30 00:09:40.469943 [DEBUG] CPU: 59.50%, MEM: 62.92%, REQ: 169, ERR: 0.009
2024-12-30 00:10:40.469943 [INFO] CPU: 53.02%, MEM: 62.11%, REQ: 163, ERR: 0.006
2024-12-30 00:11:40.469943 [INFO] CPU: 49.36%, MEM: 66.44%, REQ: 156, ERR: 0.009
2024-12-30 00:12:40.469943 [INFO] CPU: 51.43%, MEM: 70.20%, REQ: 214, ERR: 0.013
2024-12-30 00:13:40.469943 [INFO] CPU: 42.00%, MEM: 37.10%, REQ: 192, ERR: 0.015
2024-12-30 00:14:40.469943 [INFO] CPU: 63.93%, MEM: 68.53%, REQ: 209, ERR: 0.012
2024-12-30 00:15:40.469943 [INFO] CPU: 44.44%, MEM: 58.44%, REQ: 233, ERR: 0.005
2024-12-30 00:16:40.469943 [WARNING] CPU: 66.15%, MEM: 56.14%, REQ: 227, ERR: 0.003
2024-12-30 00:17:40.469943 [INFO] CPU: 55.86%, MEM: 51.16%, REQ: 172, ERR: 0.011
2024-12-30 00:18:40.469943 [WARNING] CPU: 60.09%, MEM: 49.86%, REQ: 170, ERR: 0.010
2024-12-30 00:19:40.469943 [WARNING] CPU: 49.13%, MEM: 66.58%, REQ: 219, ERR: 0.010
2024-12-30 00:20:40.469943 [WARNING] CPU: 68.56%, MEM: 62.69%, REQ: 193, ERR: 0.002
2024-12-30 00:21:40.469943 [INFO] CPU: 47.37%, MEM: 55.96%, REQ: 219, ERR: 0.012
2024-12-30 00:22:40.469943 [INFO] CPU: 38.21%, MEM: 62.07%, REQ: 213, ERR: 0.018
2024-12-30 00:23:40.469943 [INFO] CPU: 58.88%, MEM: 69.13%, REQ: 201, ERR: 0.012
2024-12-30 00:24:40.469943 [INFO] CPU: 62.50%, MEM: 44.01%, REQ: 193, ERR: 0.006
2024-12-30 00:25:40.469943 [DEBUG] CPU: 53.79%, MEM: 74.76%, REQ: 188, ERR: -0.002
2024-12-30 00:26:40.469943 [DEBUG] CPU: 45.88%, MEM: 70.96%, REQ: 211, ERR: 0.012
2024-12-30 00:27:40.469943 [INFO] CPU: 47.20%, MEM: 44.65%, REQ: 210, ERR: 0.006
2024-12-30 00:28:40.469943 [INFO] CPU: 71.84%, MEM: 66.85%, REQ: 188, ERR: 0.007
2024-12-30 00:29:40.469943 [WARNING] CPU: 49.07%, MEM: 57.13%, REQ: 222, ERR: 0.011
2024-12-30 00:30:40.469943 [DEBUG] CPU: 42.68%, MEM: 82.69%, REQ: 201, ERR: 0.014
2024-12-30 00:31:40.469943 [INFO] CPU: 43.92%, MEM: 64.36%, REQ: 206, ERR: 0.001
2024-12-30 00:32:40.469943 [INFO] CPU: 70.15%, MEM: 75.49%, REQ: 192, ERR: 0.004
2024-12-30 00:33:40.469943 [INFO] CPU: 53.48%, MEM: 61.04%, REQ: 207, ERR: 0.011
2024-12-30 00:34:40.469943 [INFO] CPU: 55.06%, MEM: 77.37%, REQ: 211, ERR: 0.005
2024-12-30 00:35:40.469943 [DEBUG] CPU: 63.63%, MEM: 79.69%, REQ: 263, ERR: 0.004
2024-12-30 00:36:40.469943 [WARNING] CPU: 52.43%, MEM: 35.01%, REQ: 211, ERR: 0.007
2024-12-30 00:37:40.469943 [DEBUG] CPU: 69.23%, MEM: 50.70%, REQ: 166, ERR: 0.008
2024-12-30 00:38:40.469943 [INFO] CPU: 30.25%, MEM: 69.01%, REQ: 159, ERR: 0.010
2024-12-30 00:39:40.469943 [WARNING] CPU: 29.22%, MEM: 56.16%, REQ: 233, ERR: 0.012
2024-12-30 00:40:40.469943 [INFO] CPU: 41.37%, MEM: 59.63%, REQ: 200, ERR: 0.012
2024-12-30 00:41:40.469943 [INFO] CPU: 36.33%, MEM: 67.11%, REQ: 146, ERR: 0.007
2024-12-30 00:42:40.469943 [WARNING] CPU: 45.12%, MEM: 67.60%, REQ: 200, ERR: 0.003
2024-12-30 00:43:40.469943 [INFO] CPU: 40.15%, MEM: 62.38%, REQ: 198, ERR: 0.007
2024-12-30 00:44:40.469943 [WARNING] CPU: 45.19%, MEM: 68.35%, REQ: 190, ERR: 0.010
2024-12-30 00:45:40.469943 [DEBUG] CPU: 71.70%, MEM: 42.92%, REQ: 163, ERR: 0.014
2024-12-30 00:46:40.469943 [INFO] CPU: 43.21%, MEM: 56.18%, REQ: 184, ERR: 0.009